[2019-01-16 17:08:09,946]-[INFO]:Starting KittyBootApplication on DESKTOP-C05QVL9 with PID 7288 (G:\kitty\kitty-boot\target\classes started by ASUS in G:\kitty\kitty-pom)   
 [2019-01-16 17:08:09,948]-[INFO]:No active profile set, falling back to default profiles: default   
 [2019-01-16 17:08:10,097]-[INFO]:Refreshing org.springframework.boot.web.servlet.context.AnnotationConfigServletWebServerApplicationContext@5b239d7d: startup date [Wed Jan 16 17:08:10 CST 2019]; root of context hierarchy   
 [2019-01-16 17:08:11,561]-[INFO]:Bean 'org.springframework.transaction.annotation.ProxyTransactionManagementConfiguration' of type [org.springframework.transaction.annotation.ProxyTransactionManagementConfiguration$$EnhancerBySpringCGLIB$$23df008] is not eligible for getting processed by all BeanPostProcessors (for example: not eligible for auto-proxying)   
 [2019-01-16 17:08:12,083]-[INFO]:Tomcat initialized with port(s): 8088 (http)   
 [2019-01-16 17:08:12,222]-[INFO]:Root WebApplicationContext: initialization completed in 2129 ms   
 [2019-01-16 17:08:12,340]-[INFO]:Servlet statViewServlet mapped to [/druid/*]   
 [2019-01-16 17:08:12,342]-[INFO]:Servlet dispatcherServlet mapped to [/]   
 [2019-01-16 17:08:12,342]-[INFO]:Servlet statViewServlet mapped to [/druid/*]   
 [2019-01-16 17:08:12,342]-[INFO]:Servlet statViewServlet was not registered (possibly already registered?)   
 [2019-01-16 17:08:12,345]-[INFO]:Mapping filter: 'characterEncodingFilter' to: [/*]   
 [2019-01-16 17:08:12,345]-[INFO]:Mapping filter: 'hiddenHttpMethodFilter' to: [/*]   
 [2019-01-16 17:08:12,346]-[INFO]:Mapping filter: 'httpPutFormContentFilter' to: [/*]   
 [2019-01-16 17:08:12,346]-[INFO]:Mapping filter: 'requestContextFilter' to: [/*]   
 [2019-01-16 17:08:12,346]-[INFO]:Mapping filter: 'webStatFilter' to urls: [/*]   
 [2019-01-16 17:08:12,346]-[INFO]:Filter webStatFilter was not registered (possibly already registered?)   
 [2019-01-16 17:08:13,201]-[INFO]:Mapped "{[/menu/findPage],methods=[POST]}" onto public com.each.kittycore.http.HttpResult com.each.kittyadmin.controller.SysMenuController.findPage(com.each.kittycore.page.PageRequest)   
 [2019-01-16 17:08:13,204]-[INFO]:Mapped "{[/user/findByUserId],methods=[GET]}" onto public java.lang.Object com.each.kittyadmin.controller.SysUserController.findByUserId(java.lang.Long)   
 [2019-01-16 17:08:13,205]-[INFO]:Mapped "{[/user/findAll],methods=[GET]}" onto public java.lang.Object com.each.kittyadmin.controller.SysUserController.findAll()   
 [2019-01-16 17:08:13,209]-[INFO]:Mapped "{[/swagger-resources]}" onto public org.springframework.http.ResponseEntity<java.util.List<springfox.documentation.swagger.web.SwaggerResource>> springfox.documentation.swagger.web.ApiResourceController.swaggerResources()   
 [2019-01-16 17:08:13,210]-[INFO]:Mapped "{[/swagger-resources/configuration/ui]}" onto public org.springframework.http.ResponseEntity<springfox.documentation.swagger.web.UiConfiguration> springfox.documentation.swagger.web.ApiResourceController.uiConfiguration()   
 [2019-01-16 17:08:13,211]-[INFO]:Mapped "{[/swagger-resources/configuration/security]}" onto public org.springframework.http.ResponseEntity<springfox.documentation.swagger.web.SecurityConfiguration> springfox.documentation.swagger.web.ApiResourceController.securityConfiguration()   
 [2019-01-16 17:08:13,214]-[INFO]:Mapped "{[/error]}" onto public org.springframework.http.ResponseEntity<java.util.Map<java.lang.String, java.lang.Object>> org.springframework.boot.autoconfigure.web.servlet.error.BasicErrorController.error(javax.servlet.http.HttpServletRequest)   
 [2019-01-16 17:08:13,214]-[INFO]:Mapped "{[/error],produces=[text/html]}" onto public org.springframework.web.servlet.ModelAndView org.springframework.boot.autoconfigure.web.servlet.error.BasicErrorController.errorHtml(javax.servlet.http.HttpServletRequest,javax.servlet.http.HttpServletResponse)   
 [2019-01-16 17:08:13,331]-[INFO]:Mapped URL path [/v2/api-docs] onto method [public org.springframework.http.ResponseEntity<springfox.documentation.spring.web.json.Json> springfox.documentation.swagger2.web.Swagger2Controller.getDocumentation(java.lang.String,javax.servlet.http.HttpServletRequest)]   
 [2019-01-16 17:08:13,400]-[INFO]:Mapped URL path [/**/favicon.ico] onto handler of type [class org.springframework.web.servlet.resource.ResourceHttpRequestHandler]   
 [2019-01-16 17:08:13,545]-[INFO]:Looking for @ControllerAdvice: org.springframework.boot.web.servlet.context.AnnotationConfigServletWebServerApplicationContext@5b239d7d: startup date [Wed Jan 16 17:08:10 CST 2019]; root of context hierarchy   
 [2019-01-16 17:08:13,583]-[INFO]:Mapped URL path [/webjars/**] onto handler of type [class org.springframework.web.servlet.resource.ResourceHttpRequestHandler]   
 [2019-01-16 17:08:13,583]-[INFO]:Mapped URL path [/**] onto handler of type [class org.springframework.web.servlet.resource.ResourceHttpRequestHandler]   
 [2019-01-16 17:08:13,870]-[INFO]:Registering beans for JMX exposure on startup   
 [2019-01-16 17:08:13,871]-[INFO]:Bean with name 'druid' has been autodetected for JMX exposure   
 [2019-01-16 17:08:13,873]-[INFO]:Bean with name 'statFilter' has been autodetected for JMX exposure   
 [2019-01-16 17:08:13,880]-[INFO]:Located MBean 'druid': registering with JMX server as MBean [com.alibaba.druid.pool:name=druid,type=DruidDataSource]   
 [2019-01-16 17:08:13,883]-[INFO]:Located MBean 'statFilter': registering with JMX server as MBean [com.alibaba.druid.filter.stat:name=statFilter,type=StatFilter]   
 [2019-01-16 17:08:13,888]-[INFO]:Starting beans in phase 2147483647   
 [2019-01-16 17:08:14,162]-[INFO]:Tomcat started on port(s): 8088 (http) with context path ''   
 [2019-01-16 17:08:14,167]-[INFO]:Started KittyBootApplication in 4.776 seconds (JVM running for 6.222)   
 [2019-01-16 17:09:01,898]-[INFO]:FrameworkServlet 'dispatcherServlet': initialization started   
 [2019-01-16 17:09:01,922]-[INFO]:FrameworkServlet 'dispatcherServlet': initialization completed in 24 ms   
 